# JRE version: OpenJDK Runtime Environment Temurin-17.0.7+7 (17.0.7+7) (build 17.0.7+7)
# Java VM: OpenJDK 64-Bit Server VM Temurin-17.0.7+7 (17.0.7+7, mixed mode, emulated-client, tiered, compressed oops, compressed class ptrs, g1 gc, windows-amd64)
GC Precious Log:
 CPUs: 4 total, 4 available
 Memory: 8059M
 Large Page Support: Disabled
 NUMA Support: Disabled
 Compressed Oops: Enabled (32-bit)
 Heap Region Size: 1M
 Heap Min Capacity: 8M
 Heap Initial Capacity: 126M
 Heap Max Capacity: 1G
 Pre-touch: Disabled
 Parallel Workers: 4
 Concurrent Workers: 1
 Concurrent Refinement Workers: 4
 Periodic GC: Disabled
Heap:
 garbage-first heap   total 157696K, used 46152K [0x00000000c0000000, 0x0000000100000000)
  region size 1024K, 1 young (1024K), 0 survivors (0K)
 Metaspace       used 66673K, committed 67456K, reserved 1114112K
  class space    used 9017K, committed 9280K, reserved 1048576K
GC Heap History (20 events):
Event: 282.002 GC heap before
{Heap before GC invocations=88 (full 18):
 garbage-first heap   total 157696K, used 46152K [0x00000000c0000000, 0x0000000100000000)
  region size 1024K, 1 young (1024K), 0 survivors (0K)
 Metaspace       used 66673K, committed 67456K, reserved 1114112K
  class space    used 9017K, committed 9280K, reserved 1048576K
}
Event: 282.078 GC heap after
{Heap after GC invocations=89 (full 19):
 garbage-first heap   total 157696K, used 46152K [0x00000000c0000000, 0x0000000100000000)
  region size 1024K, 0 young (0K), 0 survivors (0K)
 Metaspace       used 66673K, committed 67456K, reserved 1114112K
  class space    used 9017K, committed 9280K, reserved 1048576K
}
Event: 292.435 GC heap before
{Heap before GC invocations=89 (full 19):
 garbage-first heap   total 157696K, used 46152K [0x00000000c0000000, 0x0000000100000000)
  region size 1024K, 1 young (1024K), 0 survivors (0K)
 Metaspace       used 66673K, committed 67456K, reserved 1114112K
  class space    used 9017K, committed 9280K, reserved 1048576K
}
Event: 292.511 GC heap after
{Heap after GC invocations=90 (full 20):
 garbage-first heap   total 157696K, used 46152K [0x00000000c0000000, 0x0000000100000000)
  region size 1024K, 0 young (0K), 0 survivors (0K)
 Metaspace       used 66673K, committed 67456K, reserved 1114112K
  class space    used 9017K, committed 9280K, reserved 1048576K
}
Event: 302.886 GC heap before
{Heap before GC invocations=90 (full 20):
 garbage-first heap   total 157696K, used 46152K [0x00000000c0000000, 0x0000000100000000)
  region size 1024K, 1 young (1024K), 0 survivors (0K)
 Metaspace       used 66673K, committed 67456K, reserved 1114112K
  class space    used 9017K, committed 9280K, reserved 1048576K
}
Event: 302.962 GC heap after
{Heap after GC invocations=91 (full 21):
 garbage-first heap   total 157696K, used 46152K [0x00000000c0000000, 0x0000000100000000)
  region size 1024K, 0 young (0K), 0 survivors (0K)
 Metaspace       used 66673K, committed 67456K, reserved 1114112K
  class space    used 9017K, committed 9280K, reserved 1048576K
}
Event: 313.191 GC heap before
{Heap before GC invocations=91 (full 21):
 garbage-first heap   total 157696K, used 46152K [0x00000000c0000000, 0x0000000100000000)
  region size 1024K, 1 young (1024K), 0 survivors (0K)
 Metaspace       used 66673K, committed 67456K, reserved 1114112K
  class space    used 9017K, committed 9280K, reserved 1048576K
}
Event: 313.266 GC heap after
{Heap after GC invocations=92 (full 22):
 garbage-first heap   total 157696K, used 46152K [0x00000000c0000000, 0x0000000100000000)
  region size 1024K, 0 young (0K), 0 survivors (0K)
 Metaspace       used 66673K, committed 67456K, reserved 1114112K
  class space    used 9017K, committed 9280K, reserved 1048576K
}
Event: 323.544 GC heap before
{Heap before GC invocations=92 (full 22):
 garbage-first heap   total 157696K, used 46152K [0x00000000c0000000, 0x0000000100000000)
  region size 1024K, 1 young (1024K), 0 survivors (0K)
 Metaspace       used 66673K, committed 67456K, reserved 1114112K
  class space    used 9017K, committed 9280K, reserved 1048576K
}
Event: 323.618 GC heap after
{Heap after GC invocations=93 (full 23):
 garbage-first heap   total 157696K, used 46152K [0x00000000c0000000, 0x0000000100000000)
  region size 1024K, 0 young (0K), 0 survivors (0K)
 Metaspace       used 66673K, committed 67456K, reserved 1114112K
  class space    used 9017K, committed 9280K, reserved 1048576K
}
Event: 333.839 GC heap before
{Heap before GC invocations=93 (full 23):
 garbage-first heap   total 157696K, used 46152K [0x00000000c0000000, 0x0000000100000000)
  region size 1024K, 1 young (1024K), 0 survivors (0K)
 Metaspace       used 66673K, committed 67456K, reserved 1114112K
  class space    used 9017K, committed 9280K, reserved 1048576K
}
Event: 333.909 GC heap after
{Heap after GC invocations=94 (full 24):
 garbage-first heap   total 157696K, used 46152K [0x00000000c0000000, 0x0000000100000000)
  region size 1024K, 0 young (0K), 0 survivors (0K)
 Metaspace       used 66673K, committed 67456K, reserved 1114112K
  class space    used 9017K, committed 9280K, reserved 1048576K
}
Event: 344.114 GC heap before
{Heap before GC invocations=94 (full 24):
 garbage-first heap   total 157696K, used 46152K [0x00000000c0000000, 0x0000000100000000)
  region size 1024K, 1 young (1024K), 0 survivors (0K)
 Metaspace       used 66673K, committed 67456K, reserved 1114112K
  class space    used 9017K, committed 9280K, reserved 1048576K
}
Event: 344.186 GC heap after
{Heap after GC invocations=95 (full 25):
 garbage-first heap   total 157696K, used 46152K [0x00000000c0000000, 0x0000000100000000)
  region size 1024K, 0 young (0K), 0 survivors (0K)
 Metaspace       used 66673K, committed 67456K, reserved 1114112K
  class space    used 9017K, committed 9280K, reserved 1048576K
}
Event: 354.428 GC heap before
{Heap before GC invocations=95 (full 25):
 garbage-first heap   total 157696K, used 46152K [0x00000000c0000000, 0x0000000100000000)
  region size 1024K, 1 young (1024K), 0 survivors (0K)
 Metaspace       used 66673K, committed 67456K, reserved 1114112K
  class space    used 9017K, committed 9280K, reserved 1048576K
}
Event: 354.497 GC heap after
{Heap after GC invocations=96 (full 26):
 garbage-first heap   total 157696K, used 46152K [0x00000000c0000000, 0x0000000100000000)
  region size 1024K, 0 young (0K), 0 survivors (0K)
 Metaspace       used 66673K, committed 67456K, reserved 1114112K
  class space    used 9017K, committed 9280K, reserved 1048576K
}
Event: 364.732 GC heap before
{Heap before GC invocations=96 (full 26):
 garbage-first heap   total 157696K, used 46152K [0x00000000c0000000, 0x0000000100000000)
  region size 1024K, 1 young (1024K), 0 survivors (0K)
 Metaspace       used 66673K, committed 67456K, reserved 1114112K
  class space    used 9017K, committed 9280K, reserved 1048576K
}
Event: 364.800 GC heap after
{Heap after GC invocations=97 (full 27):
 garbage-first heap   total 157696K, used 46152K [0x00000000c0000000, 0x0000000100000000)
  region size 1024K, 0 young (0K), 0 survivors (0K)
 Metaspace       used 66673K, committed 67456K, reserved 1114112K
  class space    used 9017K, committed 9280K, reserved 1048576K
}
Event: 375.216 GC heap before
{Heap before GC invocations=97 (full 27):
 garbage-first heap   total 157696K, used 46152K [0x00000000c0000000, 0x0000000100000000)
  region size 1024K, 1 young (1024K), 0 survivors (0K)
 Metaspace       used 66673K, committed 67456K, reserved 1114112K
  class space    used 9017K, committed 9280K, reserved 1048576K
}
Event: 375.284 GC heap after
{Heap after GC invocations=98 (full 28):
 garbage-first heap   total 157696K, used 46152K [0x00000000c0000000, 0x0000000100000000)
  region size 1024K, 0 young (0K), 0 survivors (0K)
 Metaspace       used 66673K, committed 67456K, reserved 1114112K
  class space    used 9017K, committed 9280K, reserved 1048576K
}

